# JRE version: Java(TM) SE Runtime Environment (8.0_241-b07) (build 1.8.0_241-b07)
# Java VM: Java HotSpot(TM) 64-Bit Server VM (25.241-b07 mixed mode bsd-amd64 compressed oops)
Heap:
 PSYoungGen      total 1100288K, used 601361K [0x000000076ab00000, 0x00000007b2100000, 0x00000007c0000000)
  eden space 1051648K, 57% used [0x000000076ab00000,0x000000078f644580,0x00000007aae00000)
  from space 48640K, 0% used [0x00000007af180000,0x00000007af180000,0x00000007b2100000)
  to   space 58880K, 0% used [0x00000007aae00000,0x00000007aae00000,0x00000007ae780000)
 ParOldGen       total 205824K, used 34812K [0x00000006c0000000, 0x00000006cc900000, 0x000000076ab00000)
  object space 205824K, 16% used [0x00000006c0000000,0x00000006c21ff198,0x00000006cc900000)
 Metaspace       used 61607K, capacity 63368K, committed 63488K, reserved 1103872K
  class space    used 7810K, capacity 8146K, committed 8192K, reserved 1048576K
GC Heap History (10 events):
Event: 6.234 GC heap before
{Heap before GC invocations=13 (full 2):
 PSYoungGen      total 540672K, used 540019K [0x000000076ab00000, 0x0000000791300000, 0x00000007c0000000)
  eden space 506880K, 100% used [0x000000076ab00000,0x0000000789a00000,0x0000000789a00000)
  from space 33792K, 98% used [0x000000078bf80000,0x000000078dfdcde8,0x000000078e080000)
  to   space 38400K, 0% used [0x0000000789a00000,0x0000000789a00000,0x000000078bf80000)
 ParOldGen       total 147456K, used 48449K [0x00000006c0000000, 0x00000006c9000000, 0x000000076ab00000)
  object space 147456K, 32% used [0x00000006c0000000,0x00000006c2f50628,0x00000006c9000000)
 Metaspace       used 41739K, capacity 43030K, committed 43136K, reserved 1087488K
  class space    used 5207K, capacity 5471K, committed 5504K, reserved 1048576K
Event: 6.259 GC heap after
Heap after GC invocations=13 (full 2):
 PSYoungGen      total 545280K, used 38379K [0x000000076ab00000, 0x000000079db00000, 0x00000007c0000000)
  eden space 506880K, 0% used [0x000000076ab00000,0x000000076ab00000,0x0000000789a00000)
  from space 38400K, 99% used [0x0000000789a00000,0x000000078bf7aca8,0x000000078bf80000)
  to   space 49152K, 0% used [0x000000079ab00000,0x000000079ab00000,0x000000079db00000)
 ParOldGen       total 147456K, used 62905K [0x00000006c0000000, 0x00000006c9000000, 0x000000076ab00000)
  object space 147456K, 42% used [0x00000006c0000000,0x00000006c3d6e640,0x00000006c9000000)
 Metaspace       used 41739K, capacity 43030K, committed 43136K, reserved 1087488K
  class space    used 5207K, capacity 5471K, committed 5504K, reserved 1048576K
}
Event: 6.409 GC heap before
{Heap before GC invocations=14 (full 2):
 PSYoungGen      total 545280K, used 545259K [0x000000076ab00000, 0x000000079db00000, 0x00000007c0000000)
  eden space 506880K, 100% used [0x000000076ab00000,0x0000000789a00000,0x0000000789a00000)
  from space 38400K, 99% used [0x0000000789a00000,0x000000078bf7aca8,0x000000078bf80000)
  to   space 49152K, 0% used [0x000000079ab00000,0x000000079ab00000,0x000000079db00000)
 ParOldGen       total 147456K, used 63090K [0x00000006c0000000, 0x00000006c9000000, 0x000000076ab00000)
  object space 147456K, 42% used [0x00000006c0000000,0x00000006c3d9ca10,0x00000006c9000000)
 Metaspace       used 41743K, capacity 43030K, committed 43136K, reserved 1087488K
  class space    used 5207K, capacity 5471K, committed 5504K, reserved 1048576K
Event: 6.435 GC heap after
Heap after GC invocations=14 (full 2):
 PSYoungGen      total 783872K, used 35350K [0x000000076ab00000, 0x000000079e800000, 0x00000007c0000000)
  eden space 734720K, 0% used [0x000000076ab00000,0x000000076ab00000,0x0000000797880000)
  from space 49152K, 71% used [0x000000079ab00000,0x000000079cd85890,0x000000079db00000)
  to   space 51712K, 0% used [0x0000000797880000,0x0000000797880000,0x000000079ab00000)
 ParOldGen       total 147456K, used 87697K [0x00000006c0000000, 0x00000006c9000000, 0x000000076ab00000)
  object space 147456K, 59% used [0x00000006c0000000,0x00000006c55a45b8,0x00000006c9000000)
 Metaspace       used 41743K, capacity 43030K, committed 43136K, reserved 1087488K
  class space    used 5207K, capacity 5471K, committed 5504K, reserved 1048576K
}
Event: 8.347 GC heap before
{Heap before GC invocations=15 (full 2):
 PSYoungGen      total 783872K, used 770070K [0x000000076ab00000, 0x000000079e800000, 0x00000007c0000000)
  eden space 734720K, 100% used [0x000000076ab00000,0x0000000797880000,0x0000000797880000)
  from space 49152K, 71% used [0x000000079ab00000,0x000000079cd85890,0x000000079db00000)
  to   space 51712K, 0% used [0x0000000797880000,0x0000000797880000,0x000000079ab00000)
 ParOldGen       total 147456K, used 87706K [0x00000006c0000000, 0x00000006c9000000, 0x000000076ab00000)
  object space 147456K, 59% used [0x00000006c0000000,0x00000006c55a6880,0x00000006c9000000)
 Metaspace       used 55550K, capacity 57000K, committed 57344K, reserved 1099776K
  class space    used 7031K, capacity 7302K, committed 7424K, reserved 1048576K
Event: 8.380 GC heap after
Heap after GC invocations=15 (full 2):
 PSYoungGen      total 786432K, used 49371K [0x000000076ab00000, 0x00000007b2b00000, 0x00000007c0000000)
  eden space 734720K, 0% used [0x000000076ab00000,0x000000076ab00000,0x0000000797880000)
  from space 51712K, 95% used [0x0000000797880000,0x000000079a8b6ec0,0x000000079ab00000)
  to   space 58880K, 0% used [0x00000007af180000,0x00000007af180000,0x00000007b2b00000)
 ParOldGen       total 147456K, used 100030K [0x00000006c0000000, 0x00000006c9000000, 0x000000076ab00000)
  object space 147456K, 67% used [0x00000006c0000000,0x00000006c61afae8,0x00000006c9000000)
 Metaspace       used 55550K, capacity 57000K, committed 57344K, reserved 1099776K
  class space    used 7031K, capacity 7302K, committed 7424K, reserved 1048576K
}
Event: 8.756 GC heap before
{Heap before GC invocations=16 (full 2):
 PSYoungGen      total 786432K, used 175183K [0x000000076ab00000, 0x00000007b2b00000, 0x00000007c0000000)
  eden space 734720K, 17% used [0x000000076ab00000,0x00000007725dcea0,0x0000000797880000)
  from space 51712K, 95% used [0x0000000797880000,0x000000079a8b6ec0,0x000000079ab00000)
  to   space 58880K, 0% used [0x00000007af180000,0x00000007af180000,0x00000007b2b00000)
 ParOldGen       total 147456K, used 100030K [0x00000006c0000000, 0x00000006c9000000, 0x000000076ab00000)
  object space 147456K, 67% used [0x00000006c0000000,0x00000006c61afae8,0x00000006c9000000)
 Metaspace       used 57437K, capacity 59022K, committed 59136K, reserved 1101824K
  class space    used 7294K, capacity 7599K, committed 7680K, reserved 1048576K
Event: 8.775 GC heap after
Heap after GC invocations=16 (full 2):
 PSYoungGen      total 1100288K, used 5167K [0x000000076ab00000, 0x00000007b2100000, 0x00000007c0000000)
  eden space 1051648K, 0% used [0x000000076ab00000,0x000000076ab00000,0x00000007aae00000)
  from space 48640K, 10% used [0x00000007af180000,0x00000007af68bf70,0x00000007b2100000)
  to   space 58880K, 0% used [0x00000007aae00000,0x00000007aae00000,0x00000007ae780000)
 ParOldGen       total 147456K, used 137219K [0x00000006c0000000, 0x00000006c9000000, 0x000000076ab00000)
  object space 147456K, 93% used [0x00000006c0000000,0x00000006c8600f00,0x00000006c9000000)
 Metaspace       used 57437K, capacity 59022K, committed 59136K, reserved 1101824K
  class space    used 7294K, capacity 7599K, committed 7680K, reserved 1048576K
}
Event: 8.775 GC heap before
{Heap before GC invocations=17 (full 3):
 PSYoungGen      total 1100288K, used 5167K [0x000000076ab00000, 0x00000007b2100000, 0x00000007c0000000)
  eden space 1051648K, 0% used [0x000000076ab00000,0x000000076ab00000,0x00000007aae00000)
  from space 48640K, 10% used [0x00000007af180000,0x00000007af68bf70,0x00000007b2100000)
  to   space 58880K, 0% used [0x00000007aae00000,0x00000007aae00000,0x00000007ae780000)
 ParOldGen       total 147456K, used 137219K [0x00000006c0000000, 0x00000006c9000000, 0x000000076ab00000)
  object space 147456K, 93% used [0x00000006c0000000,0x00000006c8600f00,0x00000006c9000000)
 Metaspace       used 57437K, capacity 59022K, committed 59136K, reserved 1101824K
  class space    used 7294K, capacity 7599K, committed 7680K, reserved 1048576K
Event: 8.865 GC heap after
Heap after GC invocations=17 (full 3):
 PSYoungGen      total 1100288K, used 0K [0x000000076ab00000, 0x00000007b2100000, 0x00000007c0000000)
  eden space 1051648K, 0% used [0x000000076ab00000,0x000000076ab00000,0x00000007aae00000)
  from space 48640K, 0% used [0x00000007af180000,0x00000007af180000,0x00000007b2100000)
  to   space 58880K, 0% used [0x00000007aae00000,0x00000007aae00000,0x00000007ae780000)
 ParOldGen       total 205824K, used 34812K [0x00000006c0000000, 0x00000006cc900000, 0x000000076ab00000)
  object space 205824K, 16% used [0x00000006c0000000,0x00000006c21ff198,0x00000006cc900000)
 Metaspace       used 57437K, capacity 59022K, committed 59136K, reserved 1101824K
  class space    used 7294K, capacity 7599K, committed 7680K, reserved 1048576K
}

