# JRE version: Java(TM) SE Runtime Environment (8.0_241-b07) (build 1.8.0_241-b07)
# Java VM: Java HotSpot(TM) 64-Bit Server VM (25.241-b07 mixed mode bsd-amd64 compressed oops)
Heap:
 PSYoungGen      total 1170944K, used 313548K [0x000000076ab00000, 0x00000007c0000000, 0x00000007c0000000)
  eden space 1106944K, 28% used [0x000000076ab00000,0x000000077dd33040,0x00000007ae400000)
  from space 64000K, 0% used [0x00000007ae400000,0x00000007ae400000,0x00000007b2280000)
  to   space 69120K, 0% used [0x00000007bbc80000,0x00000007bbc80000,0x00000007c0000000)
 ParOldGen       total 196096K, used 46353K [0x00000006c0000000, 0x00000006cbf80000, 0x000000076ab00000)
  object space 196096K, 23% used [0x00000006c0000000,0x00000006c2d44528,0x00000006cbf80000)
 Metaspace       used 61496K, capacity 63194K, committed 63488K, reserved 1103872K
  class space    used 7810K, capacity 8147K, committed 8192K, reserved 1048576K
GC Heap History (10 events):
Event: 5.054 GC heap before
{Heap before GC invocations=10 (full 2):
 PSYoungGen      total 486400K, used 486386K [0x000000076ab00000, 0x000000079e780000, 0x00000007c0000000)
  eden space 461312K, 100% used [0x000000076ab00000,0x0000000786d80000,0x0000000786d80000)
  from space 25088K, 99% used [0x0000000786d80000,0x00000007885fcac8,0x0000000788600000)
  to   space 38400K, 0% used [0x000000079c200000,0x000000079c200000,0x000000079e780000)
 ParOldGen       total 135680K, used 37161K [0x00000006c0000000, 0x00000006c8480000, 0x000000076ab00000)
  object space 135680K, 27% used [0x00000006c0000000,0x00000006c244a658,0x00000006c8480000)
 Metaspace       used 41614K, capacity 42862K, committed 43136K, reserved 1087488K
  class space    used 5204K, capacity 5473K, committed 5504K, reserved 1048576K
Event: 5.074 GC heap after
Heap after GC invocations=10 (full 2):
 PSYoungGen      total 803328K, used 38391K [0x000000076ab00000, 0x000000079f400000, 0x00000007c0000000)
  eden space 764928K, 0% used [0x000000076ab00000,0x000000076ab00000,0x0000000799600000)
  from space 38400K, 99% used [0x000000079c200000,0x000000079e77dcf8,0x000000079e780000)
  to   space 45056K, 0% used [0x0000000799600000,0x0000000799600000,0x000000079c200000)
 ParOldGen       total 135680K, used 37745K [0x00000006c0000000, 0x00000006c8480000, 0x000000076ab00000)
  object space 135680K, 27% used [0x00000006c0000000,0x00000006c24dc758,0x00000006c8480000)
 Metaspace       used 41614K, capacity 42862K, committed 43136K, reserved 1087488K
  class space    used 5204K, capacity 5473K, committed 5504K, reserved 1048576K
}
Event: 5.320 GC heap before
{Heap before GC invocations=11 (full 2):
 PSYoungGen      total 803328K, used 803319K [0x000000076ab00000, 0x000000079f400000, 0x00000007c0000000)
  eden space 764928K, 100% used [0x000000076ab00000,0x0000000799600000,0x0000000799600000)
  from space 38400K, 99% used [0x000000079c200000,0x000000079e77dcf8,0x000000079e780000)
  to   space 45056K, 0% used [0x0000000799600000,0x0000000799600000,0x000000079c200000)
 ParOldGen       total 135680K, used 37913K [0x00000006c0000000, 0x00000006c8480000, 0x000000076ab00000)
  object space 135680K, 27% used [0x00000006c0000000,0x00000006c2506460,0x00000006c8480000)
 Metaspace       used 41707K, capacity 42990K, committed 43136K, reserved 1087488K
  class space    used 5207K, capacity 5473K, committed 5504K, reserved 1048576K
Event: 5.355 GC heap after
Heap after GC invocations=11 (full 2):
 PSYoungGen      total 809984K, used 45040K [0x000000076ab00000, 0x00000007b5e00000, 0x00000007c0000000)
  eden space 764928K, 0% used [0x000000076ab00000,0x000000076ab00000,0x0000000799600000)
  from space 45056K, 99% used [0x0000000799600000,0x000000079c1fc0a0,0x000000079c200000)
  to   space 60928K, 0% used [0x00000007b2280000,0x00000007b2280000,0x00000007b5e00000)
 ParOldGen       total 135680K, used 59747K [0x00000006c0000000, 0x00000006c8480000, 0x000000076ab00000)
  object space 135680K, 44% used [0x00000006c0000000,0x00000006c3a58fc0,0x00000006c8480000)
 Metaspace       used 41707K, capacity 42990K, committed 43136K, reserved 1087488K
  class space    used 5207K, capacity 5473K, committed 5504K, reserved 1048576K
}
Event: 5.537 GC heap before
{Heap before GC invocations=12 (full 2):
 PSYoungGen      total 809984K, used 809968K [0x000000076ab00000, 0x00000007b5e00000, 0x00000007c0000000)
  eden space 764928K, 100% used [0x000000076ab00000,0x0000000799600000,0x0000000799600000)
  from space 45056K, 99% used [0x0000000799600000,0x000000079c1fc0a0,0x000000079c200000)
  to   space 60928K, 0% used [0x00000007b2280000,0x00000007b2280000,0x00000007b5e00000)
 ParOldGen       total 135680K, used 59975K [0x00000006c0000000, 0x00000006c8480000, 0x000000076ab00000)
  object space 135680K, 44% used [0x00000006c0000000,0x00000006c3a91f88,0x00000006c8480000)
 Metaspace       used 41708K, capacity 42990K, committed 43136K, reserved 1087488K
  class space    used 5207K, capacity 5473K, committed 5504K, reserved 1048576K
Event: 5.570 GC heap after
Heap after GC invocations=12 (full 2):
 PSYoungGen      total 1167872K, used 43200K [0x000000076ab00000, 0x00000007b7b80000, 0x00000007c0000000)
  eden space 1106944K, 0% used [0x000000076ab00000,0x000000076ab00000,0x00000007ae400000)
  from space 60928K, 70% used [0x00000007b2280000,0x00000007b4cb03d0,0x00000007b5e00000)
  to   space 64000K, 0% used [0x00000007ae400000,0x00000007ae400000,0x00000007b2280000)
 ParOldGen       total 135680K, used 92896K [0x00000006c0000000, 0x00000006c8480000, 0x000000076ab00000)
  object space 135680K, 68% used [0x00000006c0000000,0x00000006c5ab8170,0x00000006c8480000)
 Metaspace       used 41708K, capacity 42990K, committed 43136K, reserved 1087488K
  class space    used 5207K, capacity 5473K, committed 5504K, reserved 1048576K
}
Event: 8.744 GC heap before
{Heap before GC invocations=13 (full 2):
 PSYoungGen      total 1167872K, used 589471K [0x000000076ab00000, 0x00000007b7b80000, 0x00000007c0000000)
  eden space 1106944K, 49% used [0x000000076ab00000,0x000000078c077a08,0x00000007ae400000)
  from space 60928K, 70% used [0x00000007b2280000,0x00000007b4cb03d0,0x00000007b5e00000)
  to   space 64000K, 0% used [0x00000007ae400000,0x00000007ae400000,0x00000007b2280000)
 ParOldGen       total 135680K, used 92896K [0x00000006c0000000, 0x00000006c8480000, 0x000000076ab00000)
  object space 135680K, 68% used [0x00000006c0000000,0x00000006c5ab8170,0x00000006c8480000)
 Metaspace       used 57503K, capacity 59034K, committed 59136K, reserved 1101824K
  class space    used 7302K, capacity 7599K, committed 7680K, reserved 1048576K
Event: 8.791 GC heap after
Heap after GC invocations=13 (full 2):
 PSYoungGen      total 1170944K, used 50729K [0x000000076ab00000, 0x00000007c0000000, 0x00000007c0000000)
  eden space 1106944K, 0% used [0x000000076ab00000,0x000000076ab00000,0x00000007ae400000)
  from space 64000K, 79% used [0x00000007ae400000,0x00000007b158a6f0,0x00000007b2280000)
  to   space 69120K, 0% used [0x00000007bbc80000,0x00000007bbc80000,0x00000007c0000000)
 ParOldGen       total 135680K, used 109408K [0x00000006c0000000, 0x00000006c8480000, 0x000000076ab00000)
  object space 135680K, 80% used [0x00000006c0000000,0x00000006c6ad81b0,0x00000006c8480000)
 Metaspace       used 57503K, capacity 59034K, committed 59136K, reserved 1101824K
  class space    used 7302K, capacity 7599K, committed 7680K, reserved 1048576K
}
Event: 8.791 GC heap before
{Heap before GC invocations=14 (full 3):
 PSYoungGen      total 1170944K, used 50729K [0x000000076ab00000, 0x00000007c0000000, 0x00000007c0000000)
  eden space 1106944K, 0% used [0x000000076ab00000,0x000000076ab00000,0x00000007ae400000)
  from space 64000K, 79% used [0x00000007ae400000,0x00000007b158a6f0,0x00000007b2280000)
  to   space 69120K, 0% used [0x00000007bbc80000,0x00000007bbc80000,0x00000007c0000000)
 ParOldGen       total 135680K, used 109408K [0x00000006c0000000, 0x00000006c8480000, 0x000000076ab00000)
  object space 135680K, 80% used [0x00000006c0000000,0x00000006c6ad81b0,0x00000006c8480000)
 Metaspace       used 57503K, capacity 59034K, committed 59136K, reserved 1101824K
  class space    used 7302K, capacity 7599K, committed 7680K, reserved 1048576K
Event: 8.911 GC heap after
Heap after GC invocations=14 (full 3):
 PSYoungGen      total 1170944K, used 0K [0x000000076ab00000, 0x00000007c0000000, 0x00000007c0000000)
  eden space 1106944K, 0% used [0x000000076ab00000,0x000000076ab00000,0x00000007ae400000)
  from space 64000K, 0% used [0x00000007ae400000,0x00000007ae400000,0x00000007b2280000)
  to   space 69120K, 0% used [0x00000007bbc80000,0x00000007bbc80000,0x00000007c0000000)
 ParOldGen       total 196096K, used 46353K [0x00000006c0000000, 0x00000006cbf80000, 0x000000076ab00000)
  object space 196096K, 23% used [0x00000006c0000000,0x00000006c2d44528,0x00000006cbf80000)
 Metaspace       used 57503K, capacity 59034K, committed 59136K, reserved 1101824K
  class space    used 7302K, capacity 7599K, committed 7680K, reserved 1048576K
}

