# JRE version: Java(TM) SE Runtime Environment (8.0_241-b07) (build 1.8.0_241-b07)
# Java VM: Java HotSpot(TM) 64-Bit Server VM (25.241-b07 mixed mode bsd-amd64 compressed oops)
Heap:
 PSYoungGen      total 776704K, used 348346K [0x000000076ab00000, 0x00000007b1880000, 0x00000007c0000000)
  eden space 739840K, 47% used [0x000000076ab00000,0x000000077ff2ea08,0x0000000797d80000)
  from space 36864K, 0% used [0x0000000797d80000,0x0000000797d80000,0x000000079a180000)
  to   space 48640K, 0% used [0x00000007ae900000,0x00000007ae900000,0x00000007b1880000)
 ParOldGen       total 203776K, used 39969K [0x00000006c0000000, 0x00000006cc700000, 0x000000076ab00000)
  object space 203776K, 19% used [0x00000006c0000000,0x00000006c27087a8,0x00000006cc700000)
 Metaspace       used 67201K, capacity 69034K, committed 69120K, reserved 1110016K
  class space    used 8570K, capacity 8905K, committed 8960K, reserved 1048576K
GC Heap History (10 events):
Event: 4.375 GC heap before
{Heap before GC invocations=12 (full 2):
 PSYoungGen      total 394752K, used 394750K [0x000000076ab00000, 0x000000078d880000, 0x00000007c0000000)
  eden space 377856K, 100% used [0x000000076ab00000,0x0000000781c00000,0x0000000781c00000)
  from space 16896K, 99% used [0x0000000781c00000,0x0000000782c7fa90,0x0000000782c80000)
  to   space 30208K, 0% used [0x000000078bb00000,0x000000078bb00000,0x000000078d880000)
 ParOldGen       total 144384K, used 52256K [0x00000006c0000000, 0x00000006c8d00000, 0x000000076ab00000)
  object space 144384K, 36% used [0x00000006c0000000,0x00000006c33081e8,0x00000006c8d00000)
 Metaspace       used 41602K, capacity 42856K, committed 43136K, reserved 1087488K
  class space    used 5203K, capacity 5472K, committed 5504K, reserved 1048576K
Event: 4.388 GC heap after
Heap after GC invocations=12 (full 2):
 PSYoungGen      total 537088K, used 28269K [0x000000076ab00000, 0x000000078f780000, 0x00000007c0000000)
  eden space 506880K, 0% used [0x000000076ab00000,0x000000076ab00000,0x0000000789a00000)
  from space 30208K, 93% used [0x000000078bb00000,0x000000078d69b488,0x000000078d880000)
  to   space 33792K, 0% used [0x0000000789a00000,0x0000000789a00000,0x000000078bb00000)
 ParOldGen       total 144384K, used 52264K [0x00000006c0000000, 0x00000006c8d00000, 0x000000076ab00000)
  object space 144384K, 36% used [0x00000006c0000000,0x00000006c330a1e8,0x00000006c8d00000)
 Metaspace       used 41602K, capacity 42856K, committed 43136K, reserved 1087488K
  class space    used 5203K, capacity 5472K, committed 5504K, reserved 1048576K
}
Event: 4.481 GC heap before
{Heap before GC invocations=13 (full 2):
 PSYoungGen      total 537088K, used 535149K [0x000000076ab00000, 0x000000078f780000, 0x00000007c0000000)
  eden space 506880K, 100% used [0x000000076ab00000,0x0000000789a00000,0x0000000789a00000)
  from space 30208K, 93% used [0x000000078bb00000,0x000000078d69b488,0x000000078d880000)
  to   space 33792K, 0% used [0x0000000789a00000,0x0000000789a00000,0x000000078bb00000)
 ParOldGen       total 144384K, used 52429K [0x00000006c0000000, 0x00000006c8d00000, 0x000000076ab00000)
  object space 144384K, 36% used [0x00000006c0000000,0x00000006c33337d8,0x00000006c8d00000)
 Metaspace       used 41667K, capacity 42920K, committed 43136K, reserved 1087488K
  class space    used 5206K, capacity 5472K, committed 5504K, reserved 1048576K
Event: 4.502 GC heap after
Heap after GC invocations=13 (full 2):
 PSYoungGen      total 540672K, used 31858K [0x000000076ab00000, 0x000000079c680000, 0x00000007c0000000)
  eden space 506880K, 0% used [0x000000076ab00000,0x000000076ab00000,0x0000000789a00000)
  from space 33792K, 94% used [0x0000000789a00000,0x000000078b91cb10,0x000000078bb00000)
  to   space 37888K, 0% used [0x000000079a180000,0x000000079a180000,0x000000079c680000)
 ParOldGen       total 144384K, used 69039K [0x00000006c0000000, 0x00000006c8d00000, 0x000000076ab00000)
  object space 144384K, 47% used [0x00000006c0000000,0x00000006c436bc98,0x00000006c8d00000)
 Metaspace       used 41667K, capacity 42920K, committed 43136K, reserved 1087488K
  class space    used 5206K, capacity 5472K, committed 5504K, reserved 1048576K
}
Event: 4.625 GC heap before
{Heap before GC invocations=14 (full 2):
 PSYoungGen      total 540672K, used 538738K [0x000000076ab00000, 0x000000079c680000, 0x00000007c0000000)
  eden space 506880K, 100% used [0x000000076ab00000,0x0000000789a00000,0x0000000789a00000)
  from space 33792K, 94% used [0x0000000789a00000,0x000000078b91cb10,0x000000078bb00000)
  to   space 37888K, 0% used [0x000000079a180000,0x000000079a180000,0x000000079c680000)
 ParOldGen       total 144384K, used 69136K [0x00000006c0000000, 0x00000006c8d00000, 0x000000076ab00000)
  object space 144384K, 47% used [0x00000006c0000000,0x00000006c4384038,0x00000006c8d00000)
 Metaspace       used 41681K, capacity 42920K, committed 43136K, reserved 1087488K
  class space    used 5206K, capacity 5472K, committed 5504K, reserved 1048576K
Event: 4.642 GC heap after
Heap after GC invocations=14 (full 2):
 PSYoungGen      total 777728K, used 21462K [0x000000076ab00000, 0x000000079c780000, 0x00000007c0000000)
  eden space 739840K, 0% used [0x000000076ab00000,0x000000076ab00000,0x0000000797d80000)
  from space 37888K, 56% used [0x000000079a180000,0x000000079b675810,0x000000079c680000)
  to   space 36864K, 0% used [0x0000000797d80000,0x0000000797d80000,0x000000079a180000)
 ParOldGen       total 144384K, used 100835K [0x00000006c0000000, 0x00000006c8d00000, 0x000000076ab00000)
  object space 144384K, 69% used [0x00000006c0000000,0x00000006c6278f90,0x00000006c8d00000)
 Metaspace       used 41681K, capacity 42920K, committed 43136K, reserved 1087488K
  class space    used 5206K, capacity 5472K, committed 5504K, reserved 1048576K
}
Event: 6.460 GC heap before
{Heap before GC invocations=15 (full 2):
 PSYoungGen      total 777728K, used 761302K [0x000000076ab00000, 0x000000079c780000, 0x00000007c0000000)
  eden space 739840K, 100% used [0x000000076ab00000,0x0000000797d80000,0x0000000797d80000)
  from space 37888K, 56% used [0x000000079a180000,0x000000079b675810,0x000000079c680000)
  to   space 36864K, 0% used [0x0000000797d80000,0x0000000797d80000,0x000000079a180000)
 ParOldGen       total 144384K, used 100848K [0x00000006c0000000, 0x00000006c8d00000, 0x000000076ab00000)
  object space 144384K, 69% used [0x00000006c0000000,0x00000006c627c150,0x00000006c8d00000)
 Metaspace       used 55012K, capacity 56492K, committed 56704K, reserved 1099776K
  class space    used 6952K, capacity 7236K, committed 7296K, reserved 1048576K
Event: 6.494 GC heap after
Heap after GC invocations=15 (full 2):
 PSYoungGen      total 776704K, used 36848K [0x000000076ab00000, 0x00000007b1880000, 0x00000007c0000000)
  eden space 739840K, 0% used [0x000000076ab00000,0x000000076ab00000,0x0000000797d80000)
  from space 36864K, 99% used [0x0000000797d80000,0x000000079a17c240,0x000000079a180000)
  to   space 48640K, 0% used [0x00000007ae900000,0x00000007ae900000,0x00000007b1880000)
 ParOldGen       total 144384K, used 119005K [0x00000006c0000000, 0x00000006c8d00000, 0x000000076ab00000)
  object space 144384K, 82% used [0x00000006c0000000,0x00000006c74375a0,0x00000006c8d00000)
 Metaspace       used 55012K, capacity 56492K, committed 56704K, reserved 1099776K
  class space    used 6952K, capacity 7236K, committed 7296K, reserved 1048576K
}
Event: 6.494 GC heap before
{Heap before GC invocations=16 (full 3):
 PSYoungGen      total 776704K, used 36848K [0x000000076ab00000, 0x00000007b1880000, 0x00000007c0000000)
  eden space 739840K, 0% used [0x000000076ab00000,0x000000076ab00000,0x0000000797d80000)
  from space 36864K, 99% used [0x0000000797d80000,0x000000079a17c240,0x000000079a180000)
  to   space 48640K, 0% used [0x00000007ae900000,0x00000007ae900000,0x00000007b1880000)
 ParOldGen       total 144384K, used 119005K [0x00000006c0000000, 0x00000006c8d00000, 0x000000076ab00000)
  object space 144384K, 82% used [0x00000006c0000000,0x00000006c74375a0,0x00000006c8d00000)
 Metaspace       used 55012K, capacity 56492K, committed 56704K, reserved 1099776K
  class space    used 6952K, capacity 7236K, committed 7296K, reserved 1048576K
Event: 6.570 GC heap after
Heap after GC invocations=16 (full 3):
 PSYoungGen      total 776704K, used 0K [0x000000076ab00000, 0x00000007b1880000, 0x00000007c0000000)
  eden space 739840K, 0% used [0x000000076ab00000,0x000000076ab00000,0x0000000797d80000)
  from space 36864K, 0% used [0x0000000797d80000,0x0000000797d80000,0x000000079a180000)
  to   space 48640K, 0% used [0x00000007ae900000,0x00000007ae900000,0x00000007b1880000)
 ParOldGen       total 203776K, used 39969K [0x00000006c0000000, 0x00000006cc700000, 0x000000076ab00000)
  object space 203776K, 19% used [0x00000006c0000000,0x00000006c27087a8,0x00000006cc700000)
 Metaspace       used 55012K, capacity 56492K, committed 56704K, reserved 1099776K
  class space    used 6952K, capacity 7236K, committed 7296K, reserved 1048576K
}

