# JRE version: Java(TM) SE Runtime Environment (8.0_241-b07) (build 1.8.0_241-b07)
# Java VM: Java HotSpot(TM) 64-Bit Server VM (25.241-b07 mixed mode bsd-amd64 compressed oops)
Heap:
 PSYoungGen      total 788480K, used 387702K [0x0000000715580000, 0x0000000750d80000, 0x00000007c0000000)
  eden space 748544K, 47% used [0x0000000715580000,0x000000072b203948,0x0000000743080000)
  from space 39936K, 77% used [0x0000000743080000,0x0000000744e99fd0,0x0000000745780000)
  to   space 42496K, 0% used [0x000000074e400000,0x000000074e400000,0x0000000750d80000)
 ParOldGen       total 280576K, used 85041K [0x00000005c0000000, 0x00000005d1200000, 0x0000000715580000)
  object space 280576K, 30% used [0x00000005c0000000,0x00000005c530c7a0,0x00000005d1200000)
 Metaspace       used 53003K, capacity 54178K, committed 54656K, reserved 1095680K
  class space    used 7297K, capacity 7681K, committed 7808K, reserved 1048576K
GC Heap History (10 events):
Event: 4.885 GC heap before
{Heap before GC invocations=11 (full 1):
 PSYoungGen      total 564224K, used 537892K [0x0000000715580000, 0x0000000740e00000, 0x00000007c0000000)
  eden space 521216K, 100% used [0x0000000715580000,0x0000000735280000,0x0000000735280000)
  from space 43008K, 38% used [0x0000000735280000,0x00000007362c9350,0x0000000737c80000)
  to   space 40448K, 0% used [0x000000073e680000,0x000000073e680000,0x0000000740e00000)
 ParOldGen       total 195584K, used 66205K [0x00000005c0000000, 0x00000005cbf00000, 0x0000000715580000)
  object space 195584K, 33% used [0x00000005c0000000,0x00000005c40a7660,0x00000005cbf00000)
 Metaspace       used 30683K, capacity 31410K, committed 31616K, reserved 1077248K
  class space    used 3870K, capacity 4189K, committed 4224K, reserved 1048576K
Event: 4.903 GC heap after
Heap after GC invocations=11 (full 1):
 PSYoungGen      total 671232K, used 27355K [0x0000000715580000, 0x0000000741280000, 0x00000007c0000000)
  eden space 630784K, 0% used [0x0000000715580000,0x0000000715580000,0x000000073bd80000)
  from space 40448K, 67% used [0x000000073e680000,0x0000000740136c10,0x0000000740e00000)
  to   space 41984K, 0% used [0x000000073bd80000,0x000000073bd80000,0x000000073e680000)
 ParOldGen       total 195584K, used 66213K [0x00000005c0000000, 0x00000005cbf00000, 0x0000000715580000)
  object space 195584K, 33% used [0x00000005c0000000,0x00000005c40a9660,0x00000005cbf00000)
 Metaspace       used 30683K, capacity 31410K, committed 31616K, reserved 1077248K
  class space    used 3870K, capacity 4189K, committed 4224K, reserved 1048576K
}
Event: 8.135 GC heap before
{Heap before GC invocations=12 (full 1):
 PSYoungGen      total 671232K, used 313900K [0x0000000715580000, 0x0000000741280000, 0x00000007c0000000)
  eden space 630784K, 45% used [0x0000000715580000,0x0000000726d546d0,0x000000073bd80000)
  from space 40448K, 67% used [0x000000073e680000,0x0000000740136c10,0x0000000740e00000)
  to   space 41984K, 0% used [0x000000073bd80000,0x000000073bd80000,0x000000073e680000)
 ParOldGen       total 195584K, used 66213K [0x00000005c0000000, 0x00000005cbf00000, 0x0000000715580000)
  object space 195584K, 33% used [0x00000005c0000000,0x00000005c40a9660,0x00000005cbf00000)
 Metaspace       used 34428K, capacity 35392K, committed 35416K, reserved 1079296K
  class space    used 4505K, capacity 4862K, committed 4864K, reserved 1048576K
Event: 8.146 GC heap after
Heap after GC invocations=12 (full 1):
 PSYoungGen      total 672768K, used 23500K [0x0000000715580000, 0x0000000748000000, 0x00000007c0000000)
  eden space 630784K, 0% used [0x0000000715580000,0x0000000715580000,0x000000073bd80000)
  from space 41984K, 55% used [0x000000073bd80000,0x000000073d4732a8,0x000000073e680000)
  to   space 41472K, 0% used [0x0000000745780000,0x0000000745780000,0x0000000748000000)
 ParOldGen       total 195584K, used 66221K [0x00000005c0000000, 0x00000005cbf00000, 0x0000000715580000)
  object space 195584K, 33% used [0x00000005c0000000,0x00000005c40ab660,0x00000005cbf00000)
 Metaspace       used 34428K, capacity 35392K, committed 35416K, reserved 1079296K
  class space    used 4505K, capacity 4862K, committed 4864K, reserved 1048576K
}
Event: 8.147 GC heap before
{Heap before GC invocations=13 (full 2):
 PSYoungGen      total 672768K, used 23500K [0x0000000715580000, 0x0000000748000000, 0x00000007c0000000)
  eden space 630784K, 0% used [0x0000000715580000,0x0000000715580000,0x000000073bd80000)
  from space 41984K, 55% used [0x000000073bd80000,0x000000073d4732a8,0x000000073e680000)
  to   space 41472K, 0% used [0x0000000745780000,0x0000000745780000,0x0000000748000000)
 ParOldGen       total 195584K, used 66221K [0x00000005c0000000, 0x00000005cbf00000, 0x0000000715580000)
  object space 195584K, 33% used [0x00000005c0000000,0x00000005c40ab660,0x00000005cbf00000)
 Metaspace       used 34428K, capacity 35392K, committed 35416K, reserved 1079296K
  class space    used 4505K, capacity 4862K, committed 4864K, reserved 1048576K
Event: 8.268 GC heap after
Heap after GC invocations=13 (full 2):
 PSYoungGen      total 672768K, used 0K [0x0000000715580000, 0x0000000748000000, 0x00000007c0000000)
  eden space 630784K, 0% used [0x0000000715580000,0x0000000715580000,0x000000073bd80000)
  from space 41984K, 0% used [0x000000073bd80000,0x000000073bd80000,0x000000073e680000)
  to   space 41472K, 0% used [0x0000000745780000,0x0000000745780000,0x0000000748000000)
 ParOldGen       total 280576K, used 85025K [0x00000005c0000000, 0x00000005d1200000, 0x0000000715580000)
  object space 280576K, 30% used [0x00000005c0000000,0x00000005c53087a0,0x00000005d1200000)
 Metaspace       used 34428K, capacity 35392K, committed 35416K, reserved 1079296K
  class space    used 4505K, capacity 4862K, committed 4864K, reserved 1048576K
}
Event: 9.412 GC heap before
{Heap before GC invocations=14 (full 2):
 PSYoungGen      total 672768K, used 630784K [0x0000000715580000, 0x0000000748000000, 0x00000007c0000000)
  eden space 630784K, 100% used [0x0000000715580000,0x000000073bd80000,0x000000073bd80000)
  from space 41984K, 0% used [0x000000073bd80000,0x000000073bd80000,0x000000073e680000)
  to   space 41472K, 0% used [0x0000000745780000,0x0000000745780000,0x0000000748000000)
 ParOldGen       total 280576K, used 85025K [0x00000005c0000000, 0x00000005d1200000, 0x0000000715580000)
  object space 280576K, 30% used [0x00000005c0000000,0x00000005c53087a0,0x00000005d1200000)
 Metaspace       used 41531K, capacity 42602K, committed 42752K, reserved 1085440K
  class space    used 5452K, capacity 5817K, committed 5888K, reserved 1048576K
Event: 9.426 GC heap after
Heap after GC invocations=14 (full 2):
 PSYoungGen      total 790016K, used 22030K [0x0000000715580000, 0x0000000748700000, 0x00000007c0000000)
  eden space 748544K, 0% used [0x0000000715580000,0x0000000715580000,0x0000000743080000)
  from space 41472K, 53% used [0x0000000745780000,0x0000000746d03950,0x0000000748000000)
  to   space 39936K, 0% used [0x0000000743080000,0x0000000743080000,0x0000000745780000)
 ParOldGen       total 280576K, used 85033K [0x00000005c0000000, 0x00000005d1200000, 0x0000000715580000)
  object space 280576K, 30% used [0x00000005c0000000,0x00000005c530a7a0,0x00000005d1200000)
 Metaspace       used 41531K, capacity 42602K, committed 42752K, reserved 1085440K
  class space    used 5452K, capacity 5817K, committed 5888K, reserved 1048576K
}
Event: 11.126 GC heap before
{Heap before GC invocations=15 (full 2):
 PSYoungGen      total 790016K, used 770574K [0x0000000715580000, 0x0000000748700000, 0x00000007c0000000)
  eden space 748544K, 100% used [0x0000000715580000,0x0000000743080000,0x0000000743080000)
  from space 41472K, 53% used [0x0000000745780000,0x0000000746d03950,0x0000000748000000)
  to   space 39936K, 0% used [0x0000000743080000,0x0000000743080000,0x0000000745780000)
 ParOldGen       total 280576K, used 85033K [0x00000005c0000000, 0x00000005d1200000, 0x0000000715580000)
  object space 280576K, 30% used [0x00000005c0000000,0x00000005c530a7a0,0x00000005d1200000)
 Metaspace       used 49417K, capacity 50538K, committed 50944K, reserved 1093632K
  class space    used 6736K, capacity 7085K, committed 7168K, reserved 1048576K
Event: 11.144 GC heap after
Heap after GC invocations=15 (full 2):
 PSYoungGen      total 788480K, used 30823K [0x0000000715580000, 0x0000000750d80000, 0x00000007c0000000)
  eden space 748544K, 0% used [0x0000000715580000,0x0000000715580000,0x0000000743080000)
  from space 39936K, 77% used [0x0000000743080000,0x0000000744e99fd0,0x0000000745780000)
  to   space 42496K, 0% used [0x000000074e400000,0x000000074e400000,0x0000000750d80000)
 ParOldGen       total 280576K, used 85041K [0x00000005c0000000, 0x00000005d1200000, 0x0000000715580000)
  object space 280576K, 30% used [0x00000005c0000000,0x00000005c530c7a0,0x00000005d1200000)
 Metaspace       used 49417K, capacity 50538K, committed 50944K, reserved 1093632K
  class space    used 6736K, capacity 7085K, committed 7168K, reserved 1048576K
}

